app/build/intermediates/manifest_merge_blame_file/debug/processDebugMainManifest/manifest-merger-blame-debug-report.txt
1<?xml version="1.0" encoding="utf-8"?>
2<manifest xmlns:android="http://schemas.android.com/apk/res/android"
3    package="br.com.thuler.vagalivre"
4    android:versionCode="1"
5    android:versionName="1.0" >
6
7    <uses-sdk
8        android:minSdkVersion="29"
9        android:targetSdkVersion="34" />
10
11    <uses-permission android:name="android.permission.INTERNET" />
11-->src\main\AndroidManifest.xml:5:5-67
11-->src\main\AndroidManifest.xml:5:22-64
12
13    <!-- Include required permissions for Google Maps API to run. -->
14    <uses-permission android:name="android.permission.ACCESS_NETWORK_STATE" />
14-->[com.google.android.gms:play-services-maps:18.2.0] AndroidManifest.xml:23:5-79
14-->[com.google.android.gms:play-services-maps:18.2.0] AndroidManifest.xml:23:22-76
15
16    <uses-feature
16-->[com.google.android.gms:play-services-maps:18.2.0] AndroidManifest.xml:26:5-28:35
17        android:glEsVersion="0x00020000"
17-->[com.google.android.gms:play-services-maps:18.2.0] AndroidManifest.xml:27:9-41
18        android:required="true" />
18-->[com.google.android.gms:play-services-maps:18.2.0] AndroidManifest.xml:28:9-32
19
20    <queries>
20-->[com.google.android.gms:play-services-maps:18.2.0] AndroidManifest.xml:30:5-34:15
21
22        <!-- Needs to be explicitly declared on Android R+ -->
23        <package android:name="com.google.android.apps.maps" />
23-->[com.google.android.gms:play-services-maps:18.2.0] AndroidManifest.xml:33:9-64
23-->[com.google.android.gms:play-services-maps:18.2.0] AndroidManifest.xml:33:18-61
24    </queries>
25
26    <permission
26-->[androidx.core:core:1.12.0] AndroidManifest.xml:22:5-24:47
27        android:name="br.com.thuler.vagalivre.DYNAMIC_RECEIVER_NOT_EXPORTED_PERMISSION"
27-->[androidx.core:core:1.12.0] AndroidManifest.xml:23:9-81
28        android:protectionLevel="signature" />
28-->[androidx.core:core:1.12.0] AndroidManifest.xml:24:9-44
29
30    <uses-permission android:name="br.com.thuler.vagalivre.DYNAMIC_RECEIVER_NOT_EXPORTED_PERMISSION" />
30-->[androidx.core:core:1.12.0] AndroidManifest.xml:26:5-97
30-->[androidx.core:core:1.12.0] AndroidManifest.xml:26:22-94
31
32    <application
32-->src\main\AndroidManifest.xml:9:5-37:19
33        android:allowBackup="true"
33-->src\main\AndroidManifest.xml:10:9-35
34        android:appComponentFactory="androidx.core.app.CoreComponentFactory"
34-->[androidx.core:core:1.12.0] AndroidManifest.xml:28:18-86
35        android:dataExtractionRules="@xml/data_extraction_rules"
35-->src\main\AndroidManifest.xml:12:9-65
36        android:debuggable="true"
37        android:extractNativeLibs="false"
38        android:fullBackupContent="@xml/backup_rules"
38-->src\main\AndroidManifest.xml:13:9-54
39        android:icon="@mipmap/ic_launcher"
39-->src\main\AndroidManifest.xml:14:9-43
40        android:label="@string/app_name"
40-->src\main\AndroidManifest.xml:15:9-41
41        android:roundIcon="@mipmap/ic_launcher_round"
41-->src\main\AndroidManifest.xml:16:9-54
42        android:supportsRtl="true"
42-->src\main\AndroidManifest.xml:17:9-35
43        android:theme="@style/Theme.VagaLivre"
43-->src\main\AndroidManifest.xml:18:9-47
44        android:usesCleartextTraffic="true" >
44-->src\main\AndroidManifest.xml:11:9-44
45        <activity
45-->src\main\AndroidManifest.xml:20:9-29:20
46            android:name="br.com.thuler.vagalivre.MainActivity"
46-->src\main\AndroidManifest.xml:21:13-41
47            android:exported="true"
47-->src\main\AndroidManifest.xml:22:13-36
48            android:theme="@style/Theme.VagaLivre" >
48-->src\main\AndroidManifest.xml:23:13-51
49            <intent-filter>
49-->src\main\AndroidManifest.xml:24:13-28:29
50                <action android:name="android.intent.action.MAIN" />
50-->src\main\AndroidManifest.xml:25:17-69
50-->src\main\AndroidManifest.xml:25:25-66
51
52                <category android:name="android.intent.category.LAUNCHER" />
52-->src\main\AndroidManifest.xml:27:17-77
52-->src\main\AndroidManifest.xml:27:27-74
53            </intent-filter>
54        </activity>
55
56        <meta-data
57            android:name="com.google.android.geo.API_KEY"
57-->src\main\AndroidManifest.xml:31:13-58
58            android:value="DEFAULT_API_KEY" />
58-->src\main\AndroidManifest.xml:32:13-44
59        <meta-data
59-->src\main\AndroidManifest.xml:33:9-35:69
60            android:name="com.google.android.gms.version"
60-->src\main\AndroidManifest.xml:34:13-58
61            android:value="@integer/google_play_services_version" />
61-->src\main\AndroidManifest.xml:35:13-66
62
63        <!-- Needs to be explicitly declared on P+ -->
64        <uses-library
64-->[com.google.android.gms:play-services-maps:18.2.0] AndroidManifest.xml:39:9-41:40
65            android:name="org.apache.http.legacy"
65-->[com.google.android.gms:play-services-maps:18.2.0] AndroidManifest.xml:40:13-50
66            android:required="false" />
66-->[com.google.android.gms:play-services-maps:18.2.0] AndroidManifest.xml:41:13-37
67
68        <activity
68-->[com.google.android.gms:play-services-base:18.0.1] AndroidManifest.xml:20:9-22:45
69            android:name="com.google.android.gms.common.api.GoogleApiActivity"
69-->[com.google.android.gms:play-services-base:18.0.1] AndroidManifest.xml:20:19-85
70            android:exported="false"
70-->[com.google.android.gms:play-services-base:18.0.1] AndroidManifest.xml:22:19-43
71            android:theme="@android:style/Theme.Translucent.NoTitleBar" />
71-->[com.google.android.gms:play-services-base:18.0.1] AndroidManifest.xml:21:19-78
72        <activity
72-->[androidx.compose.ui:ui-tooling-android:1.6.3] AndroidManifest.xml:23:9-25:39
73            android:name="androidx.compose.ui.tooling.PreviewActivity"
73-->[androidx.compose.ui:ui-tooling-android:1.6.3] AndroidManifest.xml:24:13-71
74            android:exported="true" />
74-->[androidx.compose.ui:ui-tooling-android:1.6.3] AndroidManifest.xml:25:13-36
75
76        <provider
76-->[androidx.emoji2:emoji2:1.3.0] AndroidManifest.xml:24:9-32:20
77            android:name="androidx.startup.InitializationProvider"
77-->[androidx.emoji2:emoji2:1.3.0] AndroidManifest.xml:25:13-67
78            android:authorities="br.com.thuler.vagalivre.androidx-startup"
78-->[androidx.emoji2:emoji2:1.3.0] AndroidManifest.xml:26:13-68
79            android:exported="false" >
79-->[androidx.emoji2:emoji2:1.3.0] AndroidManifest.xml:27:13-37
80            <meta-data
80-->[androidx.emoji2:emoji2:1.3.0] AndroidManifest.xml:29:13-31:52
81                android:name="androidx.emoji2.text.EmojiCompatInitializer"
81-->[androidx.emoji2:emoji2:1.3.0] AndroidManifest.xml:30:17-75
82                android:value="androidx.startup" />
82-->[androidx.emoji2:emoji2:1.3.0] AndroidManifest.xml:31:17-49
83            <meta-data
83-->[androidx.lifecycle:lifecycle-process:2.7.0] AndroidManifest.xml:29:13-31:52
84                android:name="androidx.lifecycle.ProcessLifecycleInitializer"
84-->[androidx.lifecycle:lifecycle-process:2.7.0] AndroidManifest.xml:30:17-78
85                android:value="androidx.startup" />
85-->[androidx.lifecycle:lifecycle-process:2.7.0] AndroidManifest.xml:31:17-49
86            <meta-data
86-->[androidx.profileinstaller:profileinstaller:1.3.0] AndroidManifest.xml:29:13-31:52
87                android:name="androidx.profileinstaller.ProfileInstallerInitializer"
87-->[androidx.profileinstaller:profileinstaller:1.3.0] AndroidManifest.xml:30:17-85
88                android:value="androidx.startup" />
88-->[androidx.profileinstaller:profileinstaller:1.3.0] AndroidManifest.xml:31:17-49
89        </provider>
90
91        <activity
91-->[androidx.compose.ui:ui-test-manifest:1.6.3] AndroidManifest.xml:23:9-25:39
92            android:name="androidx.activity.ComponentActivity"
92-->[androidx.compose.ui:ui-test-manifest:1.6.3] AndroidManifest.xml:24:13-63
93            android:exported="true" />
93-->[androidx.compose.ui:ui-test-manifest:1.6.3] AndroidManifest.xml:25:13-36
94
95        <service
95-->[androidx.room:room-runtime:2.6.1] AndroidManifest.xml:24:9-28:63
96            android:name="androidx.room.MultiInstanceInvalidationService"
96-->[androidx.room:room-runtime:2.6.1] AndroidManifest.xml:25:13-74
97            android:directBootAware="true"
97-->[androidx.room:room-runtime:2.6.1] AndroidManifest.xml:26:13-43
98            android:exported="false" />
98-->[androidx.room:room-runtime:2.6.1] AndroidManifest.xml:27:13-37
99
100        <receiver
100-->[androidx.profileinstaller:profileinstaller:1.3.0] AndroidManifest.xml:34:9-52:20
101            android:name="androidx.profileinstaller.ProfileInstallReceiver"
101-->[androidx.profileinstaller:profileinstaller:1.3.0] AndroidManifest.xml:35:13-76
102            android:directBootAware="false"
102-->[androidx.profileinstaller:profileinstaller:1.3.0] AndroidManifest.xml:36:13-44
103            android:enabled="true"
103-->[androidx.profileinstaller:profileinstaller:1.3.0] AndroidManifest.xml:37:13-35
104            android:exported="true"
104-->[androidx.profileinstaller:profileinstaller:1.3.0] AndroidManifest.xml:38:13-36
105            android:permission="android.permission.DUMP" >
105-->[androidx.profileinstaller:profileinstaller:1.3.0] AndroidManifest.xml:39:13-57
106            <intent-filter>
106-->[androidx.profileinstaller:profileinstaller:1.3.0] AndroidManifest.xml:40:13-42:29
107                <action android:name="androidx.profileinstaller.action.INSTALL_PROFILE" />
107-->[androidx.profileinstaller:profileinstaller:1.3.0] AndroidManifest.xml:41:17-91
107-->[androidx.profileinstaller:profileinstaller:1.3.0] AndroidManifest.xml:41:25-88
108            </intent-filter>
109            <intent-filter>
109-->[androidx.profileinstaller:profileinstaller:1.3.0] AndroidManifest.xml:43:13-45:29
110                <action android:name="androidx.profileinstaller.action.SKIP_FILE" />
110-->[androidx.profileinstaller:profileinstaller:1.3.0] AndroidManifest.xml:44:17-85
110-->[androidx.profileinstaller:profileinstaller:1.3.0] AndroidManifest.xml:44:25-82
111            </intent-filter>
112            <intent-filter>
112-->[androidx.profileinstaller:profileinstaller:1.3.0] AndroidManifest.xml:46:13-48:29
113                <action android:name="androidx.profileinstaller.action.SAVE_PROFILE" />
113-->[androidx.profileinstaller:profileinstaller:1.3.0] AndroidManifest.xml:47:17-88
113-->[androidx.profileinstaller:profileinstaller:1.3.0] AndroidManifest.xml:47:25-85
114            </intent-filter>
115            <intent-filter>
115-->[androidx.profileinstaller:profileinstaller:1.3.0] AndroidManifest.xml:49:13-51:29
116                <action android:name="androidx.profileinstaller.action.BENCHMARK_OPERATION" />
116-->[androidx.profileinstaller:profileinstaller:1.3.0] AndroidManifest.xml:50:17-95
116-->[androidx.profileinstaller:profileinstaller:1.3.0] AndroidManifest.xml:50:25-92
117            </intent-filter>
118        </receiver>
119    </application>
120
121</manifest>